{"/home/diegolinux/workspace/projetos-driven/projeto-drivenpass/src/app.ts": {"path":"/home/diegolinux/workspace/projetos-driven/projeto-drivenpass/src/app.ts","statementMap":{"0":{"start":{"line":1,"column":0},"end":{"line":1,"column":26}},"1":{"start":{"line":2,"column":0},"end":{"line":2,"column":30}},"2":{"start":{"line":3,"column":0},"end":{"line":3,"column":43}},"3":{"start":{"line":4,"column":0},"end":{"line":4,"column":24}},"4":{"start":{"line":5,"column":0},"end":{"line":5,"column":72}},"5":{"start":{"line":6,"column":0},"end":{"line":6,"column":40}},"6":{"start":{"line":7,"column":0},"end":{"line":7,"column":60}},"7":{"start":{"line":8,"column":0},"end":{"line":8,"column":82}},"8":{"start":{"line":9,"column":0},"end":{"line":9,"column":71}},"9":{"start":{"line":11,"column":0},"end":{"line":11,"column":10}},"10":{"start":{"line":13,"column":12},"end":{"line":13,"column":21}},"11":{"start":{"line":14,"column":0},"end":{"line":22,"column":null}},"12":{"start":{"line":17,"column":33},"end":{"line":17,"column":48}},"13":{"start":{"line":25,"column":2},"end":{"line":25,"column":14}},"14":{"start":{"line":26,"column":2},"end":{"line":26,"column":30}},"15":{"start":{"line":24,"column":0},"end":{"line":24,"column":16}},"16":{"start":{"line":30,"column":2},"end":{"line":30,"column":23}},"17":{"start":{"line":29,"column":0},"end":{"line":29,"column":7}},"18":{"start":{"line":33,"column":0},"end":{"line":33,"column":19}}},"fnMap":{"0":{"name":"(anonymous_1)","decl":{"start":{"line":17,"column":18},"end":{"line":17,"column":19}},"loc":{"start":{"line":17,"column":33},"end":{"line":17,"column":48}}},"1":{"name":"init","decl":{"start":{"line":24,"column":16},"end":{"line":24,"column":20}},"loc":{"start":{"line":24,"column":20},"end":{"line":27,"column":1}}},"2":{"name":"close","decl":{"start":{"line":29,"column":22},"end":{"line":29,"column":27}},"loc":{"start":{"line":29,"column":27},"end":{"line":31,"column":1}}}},"branchMap":{},"s":{"0":7,"1":7,"2":7,"3":7,"4":7,"5":7,"6":7,"7":7,"8":7,"9":7,"10":7,"11":7,"12":1,"13":7,"14":7,"15":7,"16":0,"17":7,"18":7},"f":{"0":1,"1":7,"2":0},"b":{}}
,"/home/diegolinux/workspace/projetos-driven/projeto-drivenpass/src/server.ts": {"path":"/home/diegolinux/workspace/projetos-driven/projeto-drivenpass/src/server.ts","statementMap":{"0":{"start":{"line":1,"column":0},"end":{"line":1,"column":34}},"1":{"start":{"line":3,"column":13},"end":{"line":3,"column":38}},"2":{"start":{"line":5,"column":0},"end":{"line":9,"column":3}},"3":{"start":{"line":6,"column":2},"end":{"line":8,"column":5}},"4":{"start":{"line":7,"column":4},"end":{"line":7,"column":56}}},"fnMap":{"0":{"name":"(anonymous_6)","decl":{"start":{"line":5,"column":12},"end":{"line":5,"column":15}},"loc":{"start":{"line":5,"column":17},"end":{"line":9,"column":1}}},"1":{"name":"(anonymous_7)","decl":{"start":{"line":6,"column":19},"end":{"line":6,"column":22}},"loc":{"start":{"line":6,"column":24},"end":{"line":8,"column":3}}}},"branchMap":{"0":{"loc":{"start":{"line":3,"column":13},"end":{"line":3,"column":38}},"type":"binary-expr","locations":[{"start":{"line":3,"column":13},"end":{"line":3,"column":30}},{"start":{"line":3,"column":34},"end":{"line":3,"column":38}}]}},"s":{"0":0,"1":0,"2":0,"3":0,"4":0},"f":{"0":0,"1":0},"b":{"0":[0,0]}}
,"/home/diegolinux/workspace/projetos-driven/projeto-drivenpass/src/config/database.ts": {"path":"/home/diegolinux/workspace/projetos-driven/projeto-drivenpass/src/config/database.ts","statementMap":{"0":{"start":{"line":1,"column":0},"end":{"line":1,"column":46}},"1":{"start":{"line":5,"column":2},"end":{"line":5,"column":30}},"2":{"start":{"line":4,"column":0},"end":{"line":4,"column":16}},"3":{"start":{"line":9,"column":2},"end":{"line":9,"column":30}},"4":{"start":{"line":8,"column":0},"end":{"line":8,"column":7}}},"fnMap":{"0":{"name":"connectDb","decl":{"start":{"line":4,"column":16},"end":{"line":4,"column":25}},"loc":{"start":{"line":4,"column":25},"end":{"line":6,"column":1}}},"1":{"name":"disconnectDB","decl":{"start":{"line":8,"column":22},"end":{"line":8,"column":34}},"loc":{"start":{"line":8,"column":34},"end":{"line":10,"column":1}}}},"branchMap":{},"s":{"0":9,"1":7,"2":9,"3":0,"4":9},"f":{"0":7,"1":0},"b":{}}
,"/home/diegolinux/workspace/projetos-driven/projeto-drivenpass/src/config/envs.ts": {"path":"/home/diegolinux/workspace/projetos-driven/projeto-drivenpass/src/config/envs.ts","statementMap":{"0":{"start":{"line":1,"column":0},"end":{"line":1,"column":28}},"1":{"start":{"line":2,"column":0},"end":{"line":2,"column":41}},"2":{"start":{"line":6,"column":4},"end":{"line":10,"column":14}},"3":{"start":{"line":12,"column":22},"end":{"line":12,"column":45}},"4":{"start":{"line":13,"column":2},"end":{"line":13,"column":35}},"5":{"start":{"line":4,"column":0},"end":{"line":4,"column":16}}},"fnMap":{"0":{"name":"loadEnv","decl":{"start":{"line":4,"column":16},"end":{"line":4,"column":23}},"loc":{"start":{"line":4,"column":23},"end":{"line":14,"column":1}}}},"branchMap":{"0":{"loc":{"start":{"line":6,"column":4},"end":{"line":10,"column":14}},"type":"cond-expr","locations":[{"start":{"line":7,"column":8},"end":{"line":7,"column":19}},{"start":{"line":8,"column":8},"end":{"line":10,"column":14}}]},"1":{"loc":{"start":{"line":8,"column":8},"end":{"line":10,"column":14}},"type":"cond-expr","locations":[{"start":{"line":9,"column":8},"end":{"line":9,"column":26}},{"start":{"line":10,"column":8},"end":{"line":10,"column":14}}]}},"s":{"0":9,"1":9,"2":16,"3":16,"4":16,"5":9},"f":{"0":16},"b":{"0":[16,0],"1":[0,0]}}
,"/home/diegolinux/workspace/projetos-driven/projeto-drivenpass/src/config/index.ts": {"path":"/home/diegolinux/workspace/projetos-driven/projeto-drivenpass/src/config/index.ts","statementMap":{"0":{"start":{"line":1,"column":0},"end":{"line":1,"column":26}},"1":{"start":{"line":2,"column":0},"end":{"line":2,"column":22}}},"fnMap":{},"branchMap":{},"s":{"0":9,"1":9},"f":{},"b":{}}
,"/home/diegolinux/workspace/projetos-driven/projeto-drivenpass/src/controllers/authentication-controller/index.ts": {"path":"/home/diegolinux/workspace/projetos-driven/projeto-drivenpass/src/controllers/authentication-controller/index.ts","statementMap":{"0":{"start":{"line":2,"column":0},"end":{"line":2,"column":37}},"1":{"start":{"line":3,"column":0},"end":{"line":3,"column":87}},"2":{"start":{"line":6,"column":30},"end":{"line":6,"column":54}},"3":{"start":{"line":8,"column":2},"end":{"line":14,"column":null}},"4":{"start":{"line":9,"column":19},"end":{"line":9,"column":74}},"5":{"start":{"line":11,"column":4},"end":{"line":11,"column":50}},"6":{"start":{"line":13,"column":4},"end":{"line":13,"column":56}},"7":{"start":{"line":5,"column":0},"end":{"line":5,"column":7}}},"fnMap":{"0":{"name":"singInPost","decl":{"start":{"line":5,"column":22},"end":{"line":5,"column":32}},"loc":{"start":{"line":5,"column":60},"end":{"line":15,"column":1}}}},"branchMap":{},"s":{"0":7,"1":7,"2":5,"3":5,"4":5,"5":3,"6":2,"7":7},"f":{"0":5},"b":{}}
,"/home/diegolinux/workspace/projetos-driven/projeto-drivenpass/src/controllers/credentials-controller/index.ts": {"path":"/home/diegolinux/workspace/projetos-driven/projeto-drivenpass/src/controllers/credentials-controller/index.ts","statementMap":{"0":{"start":{"line":3,"column":0},"end":{"line":3,"column":63}},"1":{"start":{"line":4,"column":0},"end":{"line":4,"column":37}},"2":{"start":{"line":7,"column":23},"end":{"line":7,"column":26}},"3":{"start":{"line":9,"column":4},"end":{"line":15,"column":null}},"4":{"start":{"line":10,"column":28},"end":{"line":10,"column":78}},"5":{"start":{"line":11,"column":8},"end":{"line":11,"column":null}},"6":{"start":{"line":14,"column":8},"end":{"line":14,"column":null}},"7":{"start":{"line":19,"column":23},"end":{"line":19,"column":26}},"8":{"start":{"line":20,"column":15},"end":{"line":20,"column":36}},"9":{"start":{"line":22,"column":4},"end":{"line":28,"column":null}},"10":{"start":{"line":23,"column":27},"end":{"line":23,"column":77}},"11":{"start":{"line":24,"column":8},"end":{"line":24,"column":null}},"12":{"start":{"line":27,"column":8},"end":{"line":27,"column":null}},"13":{"start":{"line":32,"column":23},"end":{"line":32,"column":26}},"14":{"start":{"line":33,"column":47},"end":{"line":33,"column":55}},"15":{"start":{"line":35,"column":4},"end":{"line":43,"column":null}},"16":{"start":{"line":36,"column":30},"end":{"line":36,"column":112}},"17":{"start":{"line":37,"column":8},"end":{"line":39,"column":null}},"18":{"start":{"line":42,"column":8},"end":{"line":42,"column":null}},"19":{"start":{"line":47,"column":23},"end":{"line":47,"column":26}},"20":{"start":{"line":48,"column":15},"end":{"line":48,"column":36}},"21":{"start":{"line":50,"column":4},"end":{"line":56,"column":null}},"22":{"start":{"line":51,"column":27},"end":{"line":51,"column":79}},"23":{"start":{"line":52,"column":8},"end":{"line":52,"column":null}},"24":{"start":{"line":55,"column":8},"end":{"line":55,"column":null}},"25":{"start":{"line":59,"column":29},"end":{"line":64,"column":null}},"26":{"start":{"line":66,"column":0},"end":{"line":66,"column":null}}},"fnMap":{"0":{"name":"listCredentials","decl":{"start":{"line":6,"column":15},"end":{"line":6,"column":30}},"loc":{"start":{"line":6,"column":91},"end":{"line":16,"column":1}}},"1":{"name":"getCredential","decl":{"start":{"line":18,"column":15},"end":{"line":18,"column":28}},"loc":{"start":{"line":18,"column":89},"end":{"line":29,"column":1}}},"2":{"name":"postCredential","decl":{"start":{"line":31,"column":15},"end":{"line":31,"column":29}},"loc":{"start":{"line":31,"column":90},"end":{"line":44,"column":1}}},"3":{"name":"deleteCredential","decl":{"start":{"line":46,"column":15},"end":{"line":46,"column":31}},"loc":{"start":{"line":46,"column":92},"end":{"line":57,"column":1}}}},"branchMap":{},"s":{"0":7,"1":7,"2":1,"3":1,"4":1,"5":0,"6":1,"7":4,"8":4,"9":4,"10":4,"11":2,"12":2,"13":2,"14":2,"15":2,"16":2,"17":1,"18":1,"19":2,"20":2,"21":2,"22":2,"23":1,"24":1,"25":7,"26":7},"f":{"0":1,"1":4,"2":2,"3":2},"b":{}}
,"/home/diegolinux/workspace/projetos-driven/projeto-drivenpass/src/controllers/network-controller/index.ts": {"path":"/home/diegolinux/workspace/projetos-driven/projeto-drivenpass/src/controllers/network-controller/index.ts","statementMap":{"0":{"start":{"line":3,"column":0},"end":{"line":3,"column":63}},"1":{"start":{"line":4,"column":0},"end":{"line":4,"column":37}},"2":{"start":{"line":5,"column":0},"end":{"line":5,"column":56}},"3":{"start":{"line":8,"column":23},"end":{"line":8,"column":26}},"4":{"start":{"line":10,"column":4},"end":{"line":16,"column":null}},"5":{"start":{"line":11,"column":25},"end":{"line":11,"column":69}},"6":{"start":{"line":12,"column":8},"end":{"line":12,"column":null}},"7":{"start":{"line":15,"column":8},"end":{"line":15,"column":null}},"8":{"start":{"line":20,"column":23},"end":{"line":20,"column":26}},"9":{"start":{"line":21,"column":15},"end":{"line":21,"column":36}},"10":{"start":{"line":23,"column":4},"end":{"line":29,"column":null}},"11":{"start":{"line":24,"column":24},"end":{"line":24,"column":68}},"12":{"start":{"line":25,"column":8},"end":{"line":25,"column":null}},"13":{"start":{"line":28,"column":8},"end":{"line":28,"column":null}},"14":{"start":{"line":33,"column":23},"end":{"line":33,"column":26}},"15":{"start":{"line":34,"column":41},"end":{"line":34,"column":49}},"16":{"start":{"line":36,"column":4},"end":{"line":44,"column":null}},"17":{"start":{"line":37,"column":27},"end":{"line":37,"column":97}},"18":{"start":{"line":38,"column":8},"end":{"line":40,"column":null}},"19":{"start":{"line":43,"column":8},"end":{"line":43,"column":null}},"20":{"start":{"line":48,"column":23},"end":{"line":48,"column":26}},"21":{"start":{"line":49,"column":15},"end":{"line":49,"column":36}},"22":{"start":{"line":51,"column":4},"end":{"line":57,"column":null}},"23":{"start":{"line":52,"column":24},"end":{"line":52,"column":76}},"24":{"start":{"line":53,"column":8},"end":{"line":53,"column":null}},"25":{"start":{"line":56,"column":8},"end":{"line":56,"column":null}},"26":{"start":{"line":60,"column":26},"end":{"line":65,"column":null}},"27":{"start":{"line":67,"column":0},"end":{"line":67,"column":null}}},"fnMap":{"0":{"name":"listNetworks","decl":{"start":{"line":7,"column":15},"end":{"line":7,"column":27}},"loc":{"start":{"line":7,"column":88},"end":{"line":17,"column":1}}},"1":{"name":"getNetwork","decl":{"start":{"line":19,"column":15},"end":{"line":19,"column":25}},"loc":{"start":{"line":19,"column":86},"end":{"line":30,"column":1}}},"2":{"name":"postNetwork","decl":{"start":{"line":32,"column":15},"end":{"line":32,"column":26}},"loc":{"start":{"line":32,"column":87},"end":{"line":45,"column":1}}},"3":{"name":"deleteNetwork","decl":{"start":{"line":47,"column":15},"end":{"line":47,"column":28}},"loc":{"start":{"line":47,"column":89},"end":{"line":58,"column":1}}}},"branchMap":{},"s":{"0":7,"1":7,"2":7,"3":1,"4":1,"5":1,"6":0,"7":1,"8":4,"9":4,"10":4,"11":4,"12":2,"13":2,"14":0,"15":0,"16":0,"17":0,"18":0,"19":0,"20":2,"21":2,"22":2,"23":2,"24":0,"25":2,"26":7,"27":7},"f":{"0":1,"1":4,"2":0,"3":2},"b":{}}
,"/home/diegolinux/workspace/projetos-driven/projeto-drivenpass/src/controllers/users-controller/index.ts": {"path":"/home/diegolinux/workspace/projetos-driven/projeto-drivenpass/src/controllers/users-controller/index.ts","statementMap":{"0":{"start":{"line":2,"column":0},"end":{"line":2,"column":51}},"1":{"start":{"line":3,"column":0},"end":{"line":3,"column":37}},"2":{"start":{"line":6,"column":32},"end":{"line":6,"column":40}},"3":{"start":{"line":8,"column":4},"end":{"line":19,"column":null}},"4":{"start":{"line":9,"column":24},"end":{"line":9,"column":73}},"5":{"start":{"line":10,"column":28},"end":{"line":13,"column":10}},"6":{"start":{"line":15,"column":8},"end":{"line":15,"column":64}},"7":{"start":{"line":18,"column":8},"end":{"line":18,"column":20}},"8":{"start":{"line":22,"column":23},"end":{"line":24,"column":null}},"9":{"start":{"line":26,"column":0},"end":{"line":26,"column":null}}},"fnMap":{"0":{"name":"createNewUser","decl":{"start":{"line":5,"column":15},"end":{"line":5,"column":28}},"loc":{"start":{"line":5,"column":76},"end":{"line":20,"column":1}}}},"branchMap":{},"s":{"0":7,"1":7,"2":4,"3":4,"4":4,"5":3,"6":3,"7":1,"8":7,"9":7},"f":{"0":4},"b":{}}
,"/home/diegolinux/workspace/projetos-driven/projeto-drivenpass/src/errors/conflict-error.ts": {"path":"/home/diegolinux/workspace/projetos-driven/projeto-drivenpass/src/errors/conflict-error.ts","statementMap":{"0":{"start":{"line":4,"column":2},"end":{"line":7,"column":4}},"1":{"start":{"line":3,"column":0},"end":{"line":3,"column":16}}},"fnMap":{"0":{"name":"conflictError","decl":{"start":{"line":3,"column":16},"end":{"line":3,"column":29}},"loc":{"start":{"line":3,"column":45},"end":{"line":8,"column":1}}}},"branchMap":{},"s":{"0":0,"1":7},"f":{"0":0},"b":{}}
,"/home/diegolinux/workspace/projetos-driven/projeto-drivenpass/src/errors/duplicated-email-error.ts": {"path":"/home/diegolinux/workspace/projetos-driven/projeto-drivenpass/src/errors/duplicated-email-error.ts","statementMap":{"0":{"start":{"line":4,"column":2},"end":{"line":7,"column":4}},"1":{"start":{"line":3,"column":0},"end":{"line":3,"column":16}}},"fnMap":{"0":{"name":"duplicatedEmailError","decl":{"start":{"line":3,"column":16},"end":{"line":3,"column":36}},"loc":{"start":{"line":3,"column":36},"end":{"line":8,"column":1}}}},"branchMap":{},"s":{"0":3,"1":7},"f":{"0":3},"b":{}}
,"/home/diegolinux/workspace/projetos-driven/projeto-drivenpass/src/errors/duplicated-title-error.ts": {"path":"/home/diegolinux/workspace/projetos-driven/projeto-drivenpass/src/errors/duplicated-title-error.ts","statementMap":{"0":{"start":{"line":4,"column":2},"end":{"line":7,"column":4}},"1":{"start":{"line":3,"column":0},"end":{"line":3,"column":16}}},"fnMap":{"0":{"name":"duplicatedTitleError","decl":{"start":{"line":3,"column":16},"end":{"line":3,"column":36}},"loc":{"start":{"line":3,"column":36},"end":{"line":8,"column":1}}}},"branchMap":{},"s":{"0":1,"1":7},"f":{"0":1},"b":{}}
,"/home/diegolinux/workspace/projetos-driven/projeto-drivenpass/src/errors/forbidden-error.ts": {"path":"/home/diegolinux/workspace/projetos-driven/projeto-drivenpass/src/errors/forbidden-error.ts","statementMap":{"0":{"start":{"line":4,"column":2},"end":{"line":7,"column":4}},"1":{"start":{"line":3,"column":0},"end":{"line":3,"column":16}}},"fnMap":{"0":{"name":"forbiddenError","decl":{"start":{"line":3,"column":16},"end":{"line":3,"column":30}},"loc":{"start":{"line":3,"column":30},"end":{"line":8,"column":1}}}},"branchMap":{},"s":{"0":0,"1":7},"f":{"0":0},"b":{}}
,"/home/diegolinux/workspace/projetos-driven/projeto-drivenpass/src/errors/index.ts": {"path":"/home/diegolinux/workspace/projetos-driven/projeto-drivenpass/src/errors/index.ts","statementMap":{"0":{"start":{"line":1,"column":0},"end":{"line":1,"column":32}},"1":{"start":{"line":2,"column":0},"end":{"line":2,"column":40}},"2":{"start":{"line":3,"column":0},"end":{"line":3,"column":40}},"3":{"start":{"line":4,"column":0},"end":{"line":4,"column":33}},"4":{"start":{"line":5,"column":0},"end":{"line":5,"column":43}},"5":{"start":{"line":6,"column":0},"end":{"line":6,"column":36}},"6":{"start":{"line":7,"column":0},"end":{"line":7,"column":37}},"7":{"start":{"line":8,"column":0},"end":{"line":8,"column":33}},"8":{"start":{"line":9,"column":0},"end":{"line":9,"column":31}},"9":{"start":{"line":10,"column":0},"end":{"line":10,"column":36}}},"fnMap":{},"branchMap":{},"s":{"0":7,"1":7,"2":7,"3":7,"4":7,"5":7,"6":7,"7":7,"8":7,"9":7},"f":{},"b":{}}
,"/home/diegolinux/workspace/projetos-driven/projeto-drivenpass/src/errors/invalid-credentials-error.ts": {"path":"/home/diegolinux/workspace/projetos-driven/projeto-drivenpass/src/errors/invalid-credentials-error.ts","statementMap":{"0":{"start":{"line":4,"column":2},"end":{"line":7,"column":4}},"1":{"start":{"line":3,"column":0},"end":{"line":3,"column":16}}},"fnMap":{"0":{"name":"invalidCredentialsError","decl":{"start":{"line":3,"column":16},"end":{"line":3,"column":39}},"loc":{"start":{"line":3,"column":39},"end":{"line":8,"column":1}}}},"branchMap":{},"s":{"0":6,"1":7},"f":{"0":6},"b":{}}
,"/home/diegolinux/workspace/projetos-driven/projeto-drivenpass/src/errors/invalid-data-error.ts": {"path":"/home/diegolinux/workspace/projetos-driven/projeto-drivenpass/src/errors/invalid-data-error.ts","statementMap":{"0":{"start":{"line":4,"column":2},"end":{"line":8,"column":4}},"1":{"start":{"line":3,"column":0},"end":{"line":3,"column":16}}},"fnMap":{"0":{"name":"invalidDataError","decl":{"start":{"line":3,"column":16},"end":{"line":3,"column":32}},"loc":{"start":{"line":3,"column":50},"end":{"line":9,"column":1}}}},"branchMap":{},"s":{"0":10,"1":7},"f":{"0":10},"b":{}}
,"/home/diegolinux/workspace/projetos-driven/projeto-drivenpass/src/errors/invalid-email-error.ts": {"path":"/home/diegolinux/workspace/projetos-driven/projeto-drivenpass/src/errors/invalid-email-error.ts","statementMap":{"0":{"start":{"line":4,"column":2},"end":{"line":8,"column":4}},"1":{"start":{"line":3,"column":0},"end":{"line":3,"column":16}}},"fnMap":{"0":{"name":"invalidEmailError","decl":{"start":{"line":3,"column":16},"end":{"line":3,"column":33}},"loc":{"start":{"line":3,"column":47},"end":{"line":9,"column":1}}}},"branchMap":{},"s":{"0":0,"1":7},"f":{"0":0},"b":{}}
,"/home/diegolinux/workspace/projetos-driven/projeto-drivenpass/src/errors/not-found-error.ts": {"path":"/home/diegolinux/workspace/projetos-driven/projeto-drivenpass/src/errors/not-found-error.ts","statementMap":{"0":{"start":{"line":4,"column":2},"end":{"line":7,"column":4}},"1":{"start":{"line":3,"column":0},"end":{"line":3,"column":16}}},"fnMap":{"0":{"name":"notFoundError","decl":{"start":{"line":3,"column":16},"end":{"line":3,"column":29}},"loc":{"start":{"line":3,"column":29},"end":{"line":8,"column":1}}}},"branchMap":{},"s":{"0":9,"1":7},"f":{"0":9},"b":{}}
,"/home/diegolinux/workspace/projetos-driven/projeto-drivenpass/src/errors/request-error.ts": {"path":"/home/diegolinux/workspace/projetos-driven/projeto-drivenpass/src/errors/request-error.ts","statementMap":{"0":{"start":{"line":4,"column":2},"end":{"line":10,"column":4}},"1":{"start":{"line":3,"column":0},"end":{"line":3,"column":16}}},"fnMap":{"0":{"name":"requestError","decl":{"start":{"line":3,"column":16},"end":{"line":3,"column":28}},"loc":{"start":{"line":3,"column":63},"end":{"line":11,"column":1}}}},"branchMap":{},"s":{"0":0,"1":7},"f":{"0":0},"b":{}}
,"/home/diegolinux/workspace/projetos-driven/projeto-drivenpass/src/errors/unauthorized-error.ts": {"path":"/home/diegolinux/workspace/projetos-driven/projeto-drivenpass/src/errors/unauthorized-error.ts","statementMap":{"0":{"start":{"line":4,"column":2},"end":{"line":7,"column":4}},"1":{"start":{"line":3,"column":0},"end":{"line":3,"column":16}}},"fnMap":{"0":{"name":"unauthorizedError","decl":{"start":{"line":3,"column":16},"end":{"line":3,"column":33}},"loc":{"start":{"line":3,"column":33},"end":{"line":8,"column":1}}}},"branchMap":{},"s":{"0":24,"1":7},"f":{"0":24},"b":{}}
,"/home/diegolinux/workspace/projetos-driven/projeto-drivenpass/src/middlewares/authentication-middleware.ts": {"path":"/home/diegolinux/workspace/projetos-driven/projeto-drivenpass/src/middlewares/authentication-middleware.ts","statementMap":{"0":{"start":{"line":2,"column":0},"end":{"line":2,"column":37}},"1":{"start":{"line":3,"column":0},"end":{"line":3,"column":36}},"2":{"start":{"line":5,"column":0},"end":{"line":5,"column":45}},"3":{"start":{"line":6,"column":0},"end":{"line":6,"column":34}},"4":{"start":{"line":9,"column":21},"end":{"line":9,"column":48}},"5":{"start":{"line":10,"column":2},"end":{"line":10,"column":60}},"6":{"start":{"line":10,"column":19},"end":{"line":10,"column":60}},"7":{"start":{"line":12,"column":16},"end":{"line":12,"column":40}},"8":{"start":{"line":13,"column":2},"end":{"line":13,"column":55}},"9":{"start":{"line":13,"column":14},"end":{"line":13,"column":55}},"10":{"start":{"line":15,"column":2},"end":{"line":30,"column":null}},"11":{"start":{"line":16,"column":23},"end":{"line":16,"column":78}},"12":{"start":{"line":18,"column":20},"end":{"line":22,"column":6}},"13":{"start":{"line":23,"column":4},"end":{"line":23,"column":59}},"14":{"start":{"line":23,"column":18},"end":{"line":23,"column":59}},"15":{"start":{"line":25,"column":4},"end":{"line":25,"column":24}},"16":{"start":{"line":27,"column":4},"end":{"line":27,"column":18}},"17":{"start":{"line":29,"column":4},"end":{"line":29,"column":45}},"18":{"start":{"line":8,"column":0},"end":{"line":8,"column":7}},"19":{"start":{"line":34,"column":2},"end":{"line":34,"column":64}}},"fnMap":{"0":{"name":"authenticateToken","decl":{"start":{"line":8,"column":22},"end":{"line":8,"column":39}},"loc":{"start":{"line":8,"column":100},"end":{"line":31,"column":1}}},"1":{"name":"generateUnauthorizedResponse","decl":{"start":{"line":33,"column":9},"end":{"line":33,"column":37}},"loc":{"start":{"line":33,"column":51},"end":{"line":35,"column":1}}}},"branchMap":{"0":{"loc":{"start":{"line":10,"column":2},"end":{"line":10,"column":60}},"type":"if","locations":[{"start":{"line":10,"column":2},"end":{"line":10,"column":60}}]},"1":{"loc":{"start":{"line":13,"column":2},"end":{"line":13,"column":55}},"type":"if","locations":[{"start":{"line":13,"column":2},"end":{"line":13,"column":55}}]},"2":{"loc":{"start":{"line":23,"column":4},"end":{"line":23,"column":59}},"type":"if","locations":[{"start":{"line":23,"column":4},"end":{"line":23,"column":59}}]}},"s":{"0":7,"1":7,"2":7,"3":7,"4":46,"5":46,"6":8,"7":38,"8":38,"9":0,"10":38,"11":38,"12":30,"13":30,"14":8,"15":22,"16":22,"17":8,"18":7,"19":24},"f":{"0":46,"1":24},"b":{"0":[8],"1":[0],"2":[8]}}
,"/home/diegolinux/workspace/projetos-driven/projeto-drivenpass/src/middlewares/error-handling-middleware.ts": {"path":"/home/diegolinux/workspace/projetos-driven/projeto-drivenpass/src/middlewares/error-handling-middleware.ts","statementMap":{"0":{"start":{"line":2,"column":0},"end":{"line":2,"column":37}},"1":{"start":{"line":11,"column":2},"end":{"line":15,"column":null}},"2":{"start":{"line":12,"column":4},"end":{"line":14,"column":7}},"3":{"start":{"line":17,"column":2},"end":{"line":21,"column":null}},"4":{"start":{"line":18,"column":4},"end":{"line":20,"column":7}},"5":{"start":{"line":23,"column":2},"end":{"line":27,"column":null}},"6":{"start":{"line":24,"column":4},"end":{"line":26,"column":7}},"7":{"start":{"line":29,"column":2},"end":{"line":33,"column":null}},"8":{"start":{"line":30,"column":4},"end":{"line":32,"column":7}},"9":{"start":{"line":35,"column":2},"end":{"line":39,"column":null}},"10":{"start":{"line":36,"column":4},"end":{"line":38,"column":7}},"11":{"start":{"line":41,"column":2},"end":{"line":45,"column":null}},"12":{"start":{"line":42,"column":4},"end":{"line":44,"column":7}},"13":{"start":{"line":47,"column":2},"end":{"line":47,"column":26}},"14":{"start":{"line":48,"column":2},"end":{"line":51,"column":5}},"15":{"start":{"line":5,"column":0},"end":{"line":5,"column":16}}},"fnMap":{"0":{"name":"handleApplicationErrors","decl":{"start":{"line":5,"column":16},"end":{"line":5,"column":39}},"loc":{"start":{"line":9,"column":21},"end":{"line":52,"column":1}}}},"branchMap":{"0":{"loc":{"start":{"line":11,"column":2},"end":{"line":15,"column":null}},"type":"if","locations":[{"start":{"line":11,"column":2},"end":{"line":15,"column":null}}]},"1":{"loc":{"start":{"line":11,"column":6},"end":{"line":11,"column":112}},"type":"binary-expr","locations":[{"start":{"line":11,"column":6},"end":{"line":11,"column":34}},{"start":{"line":11,"column":38},"end":{"line":11,"column":73}},{"start":{"line":11,"column":77},"end":{"line":11,"column":112}}]},"2":{"loc":{"start":{"line":17,"column":2},"end":{"line":21,"column":null}},"type":"if","locations":[{"start":{"line":17,"column":2},"end":{"line":21,"column":null}}]},"3":{"loc":{"start":{"line":23,"column":2},"end":{"line":27,"column":null}},"type":"if","locations":[{"start":{"line":23,"column":2},"end":{"line":27,"column":null}}]},"4":{"loc":{"start":{"line":29,"column":2},"end":{"line":33,"column":null}},"type":"if","locations":[{"start":{"line":29,"column":2},"end":{"line":33,"column":null}}]},"5":{"loc":{"start":{"line":35,"column":2},"end":{"line":39,"column":null}},"type":"if","locations":[{"start":{"line":35,"column":2},"end":{"line":39,"column":null}}]},"6":{"loc":{"start":{"line":41,"column":2},"end":{"line":45,"column":null}},"type":"if","locations":[{"start":{"line":41,"column":2},"end":{"line":45,"column":null}}]}},"s":{"0":7,"1":11,"2":2,"3":9,"4":0,"5":9,"6":0,"7":9,"8":9,"9":0,"10":0,"11":0,"12":0,"13":0,"14":0,"15":7},"f":{"0":11},"b":{"0":[2],"1":[11,11,10],"2":[0],"3":[0],"4":[9],"5":[0],"6":[0]}}
,"/home/diegolinux/workspace/projetos-driven/projeto-drivenpass/src/middlewares/validation-middleware.ts": {"path":"/home/diegolinux/workspace/projetos-driven/projeto-drivenpass/src/middlewares/validation-middleware.ts","statementMap":{"0":{"start":{"line":3,"column":0},"end":{"line":3,"column":37}},"1":{"start":{"line":4,"column":0},"end":{"line":4,"column":44}},"2":{"start":{"line":7,"column":2},"end":{"line":7,"column":34}},"3":{"start":{"line":6,"column":0},"end":{"line":6,"column":16}},"4":{"start":{"line":11,"column":2},"end":{"line":11,"column":36}},"5":{"start":{"line":10,"column":0},"end":{"line":10,"column":16}},"6":{"start":{"line":15,"column":2},"end":{"line":25,"column":4}},"7":{"start":{"line":16,"column":22},"end":{"line":18,"column":6}},"8":{"start":{"line":20,"column":4},"end":{"line":24,"column":null}},"9":{"start":{"line":21,"column":6},"end":{"line":21,"column":13}},"10":{"start":{"line":23,"column":6},"end":{"line":23,"column":101}},"11":{"start":{"line":23,"column":88},"end":{"line":23,"column":97}}},"fnMap":{"0":{"name":"validateBody","decl":{"start":{"line":6,"column":16},"end":{"line":6,"column":28}},"loc":{"start":{"line":6,"column":55},"end":{"line":8,"column":1}}},"1":{"name":"validateParams","decl":{"start":{"line":10,"column":16},"end":{"line":10,"column":30}},"loc":{"start":{"line":10,"column":57},"end":{"line":12,"column":1}}},"2":{"name":"validate","decl":{"start":{"line":14,"column":9},"end":{"line":14,"column":17}},"loc":{"start":{"line":14,"column":63},"end":{"line":26,"column":1}}},"3":{"name":"(anonymous_4)","decl":{"start":{"line":15,"column":9},"end":{"line":15,"column":10}},"loc":{"start":{"line":15,"column":61},"end":{"line":25,"column":3}}},"4":{"name":"(anonymous_5)","decl":{"start":{"line":23,"column":81},"end":{"line":23,"column":82}},"loc":{"start":{"line":23,"column":88},"end":{"line":23,"column":97}}}},"branchMap":{"0":{"loc":{"start":{"line":20,"column":4},"end":{"line":24,"column":null}},"type":"if","locations":[{"start":{"line":20,"column":4},"end":{"line":24,"column":null}},{"start":{"line":22,"column":11},"end":{"line":24,"column":null}}]}},"s":{"0":7,"1":7,"2":28,"3":7,"4":0,"5":7,"6":28,"7":21,"8":21,"9":11,"10":10,"11":34},"f":{"0":28,"1":0,"2":28,"3":21,"4":34},"b":{"0":[11,10]}}
,"/home/diegolinux/workspace/projetos-driven/projeto-drivenpass/src/repositories/credentials-repository/index.ts": {"path":"/home/diegolinux/workspace/projetos-driven/projeto-drivenpass/src/repositories/credentials-repository/index.ts","statementMap":{"0":{"start":{"line":2,"column":0},"end":{"line":2,"column":33}},"1":{"start":{"line":6,"column":4},"end":{"line":11,"column":null}},"2":{"start":{"line":15,"column":4},"end":{"line":20,"column":null}},"3":{"start":{"line":24,"column":4},"end":{"line":28,"column":null}},"4":{"start":{"line":32,"column":4},"end":{"line":34,"column":null}},"5":{"start":{"line":38,"column":4},"end":{"line":42,"column":null}},"6":{"start":{"line":45,"column":29},"end":{"line":51,"column":null}},"7":{"start":{"line":53,"column":0},"end":{"line":53,"column":null}}},"fnMap":{"0":{"name":"findById","decl":{"start":{"line":5,"column":15},"end":{"line":5,"column":23}},"loc":{"start":{"line":5,"column":50},"end":{"line":12,"column":1}}},"1":{"name":"findByTitle","decl":{"start":{"line":14,"column":15},"end":{"line":14,"column":26}},"loc":{"start":{"line":14,"column":56},"end":{"line":21,"column":1}}},"2":{"name":"listAllByUserId","decl":{"start":{"line":23,"column":15},"end":{"line":23,"column":30}},"loc":{"start":{"line":23,"column":45},"end":{"line":29,"column":1}}},"3":{"name":"createCredential","decl":{"start":{"line":31,"column":15},"end":{"line":31,"column":31}},"loc":{"start":{"line":31,"column":75},"end":{"line":35,"column":1}}},"4":{"name":"deleteCredential","decl":{"start":{"line":37,"column":15},"end":{"line":37,"column":31}},"loc":{"start":{"line":37,"column":42},"end":{"line":43,"column":1}}}},"branchMap":{},"s":{"0":7,"1":8,"2":2,"3":1,"4":1,"5":1,"6":7,"7":7},"f":{"0":8,"1":2,"2":1,"3":1,"4":1},"b":{}}
,"/home/diegolinux/workspace/projetos-driven/projeto-drivenpass/src/repositories/network-repository/index.ts": {"path":"/home/diegolinux/workspace/projetos-driven/projeto-drivenpass/src/repositories/network-repository/index.ts","statementMap":{"0":{"start":{"line":2,"column":0},"end":{"line":2,"column":33}},"1":{"start":{"line":6,"column":4},"end":{"line":11,"column":null}},"2":{"start":{"line":15,"column":4},"end":{"line":20,"column":null}},"3":{"start":{"line":24,"column":4},"end":{"line":28,"column":null}},"4":{"start":{"line":32,"column":4},"end":{"line":34,"column":null}},"5":{"start":{"line":38,"column":4},"end":{"line":42,"column":null}},"6":{"start":{"line":45,"column":26},"end":{"line":51,"column":null}},"7":{"start":{"line":53,"column":0},"end":{"line":53,"column":null}}},"fnMap":{"0":{"name":"findById","decl":{"start":{"line":5,"column":15},"end":{"line":5,"column":23}},"loc":{"start":{"line":5,"column":50},"end":{"line":12,"column":1}}},"1":{"name":"findByTitle","decl":{"start":{"line":14,"column":15},"end":{"line":14,"column":26}},"loc":{"start":{"line":14,"column":56},"end":{"line":21,"column":1}}},"2":{"name":"listAllByUserId","decl":{"start":{"line":23,"column":15},"end":{"line":23,"column":30}},"loc":{"start":{"line":23,"column":45},"end":{"line":29,"column":1}}},"3":{"name":"createNetwork","decl":{"start":{"line":31,"column":15},"end":{"line":31,"column":28}},"loc":{"start":{"line":31,"column":69},"end":{"line":35,"column":1}}},"4":{"name":"deleteNetwork","decl":{"start":{"line":37,"column":15},"end":{"line":37,"column":28}},"loc":{"start":{"line":37,"column":39},"end":{"line":43,"column":1}}}},"branchMap":{},"s":{"0":7,"1":4,"2":0,"3":1,"4":0,"5":0,"6":7,"7":7},"f":{"0":4,"1":0,"2":1,"3":0,"4":0},"b":{}}
,"/home/diegolinux/workspace/projetos-driven/projeto-drivenpass/src/repositories/session-repository/index.ts": {"path":"/home/diegolinux/workspace/projetos-driven/projeto-drivenpass/src/repositories/session-repository/index.ts","statementMap":{"0":{"start":{"line":2,"column":0},"end":{"line":2,"column":34}},"1":{"start":{"line":5,"column":2},"end":{"line":7,"column":5}},"2":{"start":{"line":10,"column":26},"end":{"line":12,"column":2}},"3":{"start":{"line":14,"column":0},"end":{"line":14,"column":33}}},"fnMap":{"0":{"name":"create","decl":{"start":{"line":4,"column":15},"end":{"line":4,"column":21}},"loc":{"start":{"line":4,"column":62},"end":{"line":8,"column":1}}}},"branchMap":{},"s":{"0":7,"1":5,"2":7,"3":7},"f":{"0":5},"b":{}}
,"/home/diegolinux/workspace/projetos-driven/projeto-drivenpass/src/repositories/users-repository/index.ts": {"path":"/home/diegolinux/workspace/projetos-driven/projeto-drivenpass/src/repositories/users-repository/index.ts","statementMap":{"0":{"start":{"line":2,"column":0},"end":{"line":2,"column":33}},"1":{"start":{"line":5,"column":4},"end":{"line":9,"column":7}},"2":{"start":{"line":13,"column":4},"end":{"line":15,"column":7}},"3":{"start":{"line":18,"column":23},"end":{"line":21,"column":null}},"4":{"start":{"line":23,"column":0},"end":{"line":23,"column":null}}},"fnMap":{"0":{"name":"findByEmail","decl":{"start":{"line":4,"column":15},"end":{"line":4,"column":26}},"loc":{"start":{"line":4,"column":40},"end":{"line":10,"column":1}}},"1":{"name":"createUser","decl":{"start":{"line":12,"column":15},"end":{"line":12,"column":25}},"loc":{"start":{"line":12,"column":63},"end":{"line":16,"column":1}}}},"branchMap":{},"s":{"0":7,"1":16,"2":5,"3":7,"4":7},"f":{"0":16,"1":5},"b":{}}
,"/home/diegolinux/workspace/projetos-driven/projeto-drivenpass/src/routers/index.ts": {"path":"/home/diegolinux/workspace/projetos-driven/projeto-drivenpass/src/routers/index.ts","statementMap":{"0":{"start":{"line":1,"column":0},"end":{"line":1,"column":36}},"1":{"start":{"line":2,"column":0},"end":{"line":2,"column":32}},"2":{"start":{"line":3,"column":0},"end":{"line":3,"column":30}}},"fnMap":{},"branchMap":{},"s":{"0":7,"1":7,"2":7},"f":{},"b":{}}
,"/home/diegolinux/workspace/projetos-driven/projeto-drivenpass/src/routers/authentication-router/index.ts": {"path":"/home/diegolinux/workspace/projetos-driven/projeto-drivenpass/src/routers/authentication-router/index.ts","statementMap":{"0":{"start":{"line":1,"column":0},"end":{"line":1,"column":69}},"1":{"start":{"line":2,"column":0},"end":{"line":2,"column":67}},"2":{"start":{"line":3,"column":0},"end":{"line":3,"column":64}},"3":{"start":{"line":4,"column":0},"end":{"line":4,"column":33}},"4":{"start":{"line":6,"column":29},"end":{"line":6,"column":37}},"5":{"start":{"line":10,"column":9},"end":{"line":10,"column":29}},"6":{"start":{"line":8,"column":0},"end":{"line":8,"column":78}}},"fnMap":{},"branchMap":{},"s":{"0":7,"1":7,"2":7,"3":7,"4":7,"5":7,"6":7},"f":{},"b":{}}
,"/home/diegolinux/workspace/projetos-driven/projeto-drivenpass/src/routers/credentials-router/index.ts": {"path":"/home/diegolinux/workspace/projetos-driven/projeto-drivenpass/src/routers/credentials-router/index.ts","statementMap":{"0":{"start":{"line":1,"column":0},"end":{"line":1,"column":33}},"1":{"start":{"line":2,"column":0},"end":{"line":2,"column":67}},"2":{"start":{"line":3,"column":0},"end":{"line":3,"column":72}},"3":{"start":{"line":4,"column":0},"end":{"line":4,"column":70}},"4":{"start":{"line":5,"column":0},"end":{"line":5,"column":76}},"5":{"start":{"line":7,"column":25},"end":{"line":7,"column":33}},"6":{"start":{"line":16,"column":9},"end":{"line":16,"column":25}},"7":{"start":{"line":9,"column":0},"end":{"line":14,"column":null}}},"fnMap":{},"branchMap":{},"s":{"0":7,"1":7,"2":7,"3":7,"4":7,"5":7,"6":7,"7":7},"f":{},"b":{}}
,"/home/diegolinux/workspace/projetos-driven/projeto-drivenpass/src/routers/network-router/index.ts": {"path":"/home/diegolinux/workspace/projetos-driven/projeto-drivenpass/src/routers/network-router/index.ts","statementMap":{"0":{"start":{"line":1,"column":0},"end":{"line":1,"column":33}},"1":{"start":{"line":2,"column":0},"end":{"line":2,"column":67}},"2":{"start":{"line":3,"column":0},"end":{"line":3,"column":70}},"3":{"start":{"line":4,"column":0},"end":{"line":4,"column":76}},"4":{"start":{"line":5,"column":0},"end":{"line":5,"column":65}},"5":{"start":{"line":7,"column":22},"end":{"line":7,"column":30}},"6":{"start":{"line":16,"column":9},"end":{"line":16,"column":22}},"7":{"start":{"line":9,"column":0},"end":{"line":14,"column":null}}},"fnMap":{},"branchMap":{},"s":{"0":7,"1":7,"2":7,"3":7,"4":7,"5":7,"6":7,"7":7},"f":{},"b":{}}
,"/home/diegolinux/workspace/projetos-driven/projeto-drivenpass/src/routers/users-router/index.ts": {"path":"/home/diegolinux/workspace/projetos-driven/projeto-drivenpass/src/routers/users-router/index.ts","statementMap":{"0":{"start":{"line":1,"column":0},"end":{"line":1,"column":33}},"1":{"start":{"line":2,"column":0},"end":{"line":2,"column":60}},"2":{"start":{"line":3,"column":0},"end":{"line":3,"column":58}},"3":{"start":{"line":4,"column":0},"end":{"line":4,"column":67}},"4":{"start":{"line":6,"column":19},"end":{"line":6,"column":27}},"5":{"start":{"line":10,"column":9},"end":{"line":10,"column":19}},"6":{"start":{"line":8,"column":0},"end":{"line":8,"column":null}}},"fnMap":{},"branchMap":{},"s":{"0":7,"1":7,"2":7,"3":7,"4":7,"5":7,"6":7},"f":{},"b":{}}
,"/home/diegolinux/workspace/projetos-driven/projeto-drivenpass/src/schemas/authentication-schemas.ts": {"path":"/home/diegolinux/workspace/projetos-driven/projeto-drivenpass/src/schemas/authentication-schemas.ts","statementMap":{"0":{"start":{"line":2,"column":0},"end":{"line":2,"column":22}},"1":{"start":{"line":4,"column":13},"end":{"line":7,"column":null}}},"fnMap":{},"branchMap":{},"s":{"0":8,"1":8},"f":{},"b":{}}
,"/home/diegolinux/workspace/projetos-driven/projeto-drivenpass/src/schemas/credentials-schema.ts": {"path":"/home/diegolinux/workspace/projetos-driven/projeto-drivenpass/src/schemas/credentials-schema.ts","statementMap":{"0":{"start":{"line":1,"column":0},"end":{"line":1,"column":22}},"1":{"start":{"line":4,"column":13},"end":{"line":9,"column":null}}},"fnMap":{},"branchMap":{},"s":{"0":7,"1":7},"f":{},"b":{}}
,"/home/diegolinux/workspace/projetos-driven/projeto-drivenpass/src/schemas/network-schema.ts": {"path":"/home/diegolinux/workspace/projetos-driven/projeto-drivenpass/src/schemas/network-schema.ts","statementMap":{"0":{"start":{"line":2,"column":0},"end":{"line":2,"column":22}},"1":{"start":{"line":5,"column":13},"end":{"line":9,"column":null}}},"fnMap":{},"branchMap":{},"s":{"0":0,"1":0},"f":{},"b":{}}
,"/home/diegolinux/workspace/projetos-driven/projeto-drivenpass/src/schemas/users-schema.ts": {"path":"/home/diegolinux/workspace/projetos-driven/projeto-drivenpass/src/schemas/users-schema.ts","statementMap":{"0":{"start":{"line":1,"column":0},"end":{"line":1,"column":22}},"1":{"start":{"line":4,"column":13},"end":{"line":7,"column":3}}},"fnMap":{},"branchMap":{},"s":{"0":8,"1":8},"f":{},"b":{}}
,"/home/diegolinux/workspace/projetos-driven/projeto-drivenpass/src/services/authorization-service/index.ts": {"path":"/home/diegolinux/workspace/projetos-driven/projeto-drivenpass/src/services/authorization-service/index.ts","statementMap":{"0":{"start":{"line":2,"column":0},"end":{"line":2,"column":28}},"1":{"start":{"line":3,"column":0},"end":{"line":3,"column":31}},"2":{"start":{"line":4,"column":0},"end":{"line":4,"column":77}},"3":{"start":{"line":5,"column":0},"end":{"line":5,"column":47}},"4":{"start":{"line":6,"column":0},"end":{"line":6,"column":61}},"5":{"start":{"line":7,"column":0},"end":{"line":7,"column":66}},"6":{"start":{"line":10,"column":30},"end":{"line":10,"column":36}},"7":{"start":{"line":12,"column":15},"end":{"line":12,"column":41}},"8":{"start":{"line":14,"column":2},"end":{"line":14,"column":56}},"9":{"start":{"line":16,"column":16},"end":{"line":16,"column":44}},"10":{"start":{"line":18,"column":2},"end":{"line":21,"column":4}},"11":{"start":{"line":25,"column":15},"end":{"line":25,"column":54}},"12":{"start":{"line":26,"column":2},"end":{"line":26,"column":45}},"13":{"start":{"line":26,"column":13},"end":{"line":26,"column":45}},"14":{"start":{"line":28,"column":2},"end":{"line":28,"column":14}},"15":{"start":{"line":32,"column":16},"end":{"line":32,"column":60}},"16":{"start":{"line":33,"column":2},"end":{"line":36,"column":5}},"17":{"start":{"line":38,"column":2},"end":{"line":38,"column":15}},"18":{"start":{"line":42,"column":26},"end":{"line":42,"column":70}},"19":{"start":{"line":43,"column":2},"end":{"line":43,"column":56}},"20":{"start":{"line":43,"column":24},"end":{"line":43,"column":56}},"21":{"start":{"line":55,"column":30},"end":{"line":57,"column":2}},"22":{"start":{"line":59,"column":0},"end":{"line":59,"column":37}}},"fnMap":{"0":{"name":"signIn","decl":{"start":{"line":9,"column":15},"end":{"line":9,"column":21}},"loc":{"start":{"line":9,"column":42},"end":{"line":22,"column":1}}},"1":{"name":"getUserOrFail","decl":{"start":{"line":24,"column":15},"end":{"line":24,"column":28}},"loc":{"start":{"line":24,"column":42},"end":{"line":29,"column":1}}},"2":{"name":"createSession","decl":{"start":{"line":31,"column":15},"end":{"line":31,"column":28}},"loc":{"start":{"line":31,"column":43},"end":{"line":39,"column":1}}},"3":{"name":"validatePasswordOrFail","decl":{"start":{"line":41,"column":15},"end":{"line":41,"column":37}},"loc":{"start":{"line":41,"column":76},"end":{"line":44,"column":1}}}},"branchMap":{"0":{"loc":{"start":{"line":26,"column":2},"end":{"line":26,"column":45}},"type":"if","locations":[{"start":{"line":26,"column":2},"end":{"line":26,"column":45}}]},"1":{"loc":{"start":{"line":43,"column":2},"end":{"line":43,"column":56}},"type":"if","locations":[{"start":{"line":43,"column":2},"end":{"line":43,"column":56}}]}},"s":{"0":7,"1":7,"2":7,"3":7,"4":7,"5":7,"6":9,"7":9,"8":7,"9":5,"10":5,"11":9,"12":9,"13":2,"14":7,"15":5,"16":5,"17":5,"18":7,"19":7,"20":2,"21":7,"22":7},"f":{"0":9,"1":9,"2":5,"3":7},"b":{"0":[2],"1":[2]}}
,"/home/diegolinux/workspace/projetos-driven/projeto-drivenpass/src/services/credentials-service/index.ts": {"path":"/home/diegolinux/workspace/projetos-driven/projeto-drivenpass/src/services/credentials-service/index.ts","statementMap":{"0":{"start":{"line":1,"column":0},"end":{"line":1,"column":27}},"1":{"start":{"line":2,"column":0},"end":{"line":2,"column":72}},"2":{"start":{"line":4,"column":0},"end":{"line":4,"column":81}},"3":{"start":{"line":6,"column":15},"end":{"line":6,"column":54}},"4":{"start":{"line":9,"column":25},"end":{"line":9,"column":78}},"5":{"start":{"line":11,"column":4},"end":{"line":11,"column":null}},"6":{"start":{"line":11,"column":22},"end":{"line":11,"column":null}},"7":{"start":{"line":15,"column":4},"end":{"line":15,"column":null}},"8":{"start":{"line":17,"column":30},"end":{"line":17,"column":54}},"9":{"start":{"line":19,"column":4},"end":{"line":25,"column":null}},"10":{"start":{"line":29,"column":23},"end":{"line":29,"column":70}},"11":{"start":{"line":31,"column":4},"end":{"line":31,"column":null}},"12":{"start":{"line":31,"column":20},"end":{"line":31,"column":null}},"13":{"start":{"line":33,"column":4},"end":{"line":33,"column":null}},"14":{"start":{"line":34,"column":4},"end":{"line":34,"column":null}},"15":{"start":{"line":38,"column":24},"end":{"line":38,"column":74}},"16":{"start":{"line":40,"column":4},"end":{"line":40,"column":null}},"17":{"start":{"line":40,"column":49},"end":{"line":40,"column":null}},"18":{"start":{"line":42,"column":4},"end":{"line":42,"column":null}},"19":{"start":{"line":42,"column":34},"end":{"line":42,"column":91}},"20":{"start":{"line":43,"column":4},"end":{"line":43,"column":null}},"21":{"start":{"line":47,"column":23},"end":{"line":47,"column":70}},"22":{"start":{"line":49,"column":4},"end":{"line":49,"column":null}},"23":{"start":{"line":49,"column":20},"end":{"line":49,"column":null}},"24":{"start":{"line":50,"column":4},"end":{"line":50,"column":null}},"25":{"start":{"line":50,"column":37},"end":{"line":50,"column":null}},"26":{"start":{"line":52,"column":4},"end":{"line":52,"column":null}},"27":{"start":{"line":57,"column":26},"end":{"line":62,"column":null}},"28":{"start":{"line":64,"column":0},"end":{"line":64,"column":null}}},"fnMap":{"0":{"name":"validateTitle","decl":{"start":{"line":8,"column":15},"end":{"line":8,"column":28}},"loc":{"start":{"line":8,"column":58},"end":{"line":12,"column":1}}},"1":{"name":"createCredential","decl":{"start":{"line":14,"column":15},"end":{"line":14,"column":31}},"loc":{"start":{"line":14,"column":97},"end":{"line":26,"column":1}}},"2":{"name":"findCredential","decl":{"start":{"line":28,"column":15},"end":{"line":28,"column":29}},"loc":{"start":{"line":28,"column":56},"end":{"line":35,"column":1}}},"3":{"name":"listAllCredentials","decl":{"start":{"line":37,"column":15},"end":{"line":37,"column":33}},"loc":{"start":{"line":37,"column":48},"end":{"line":44,"column":1}}},"4":{"name":"(anonymous_5)","decl":{"start":{"line":42,"column":20},"end":{"line":42,"column":30}},"loc":{"start":{"line":42,"column":34},"end":{"line":42,"column":91}}},"5":{"name":"deleteCredential","decl":{"start":{"line":46,"column":15},"end":{"line":46,"column":31}},"loc":{"start":{"line":46,"column":58},"end":{"line":53,"column":1}}}},"branchMap":{"0":{"loc":{"start":{"line":11,"column":4},"end":{"line":11,"column":null}},"type":"if","locations":[{"start":{"line":11,"column":4},"end":{"line":11,"column":null}}]},"1":{"loc":{"start":{"line":31,"column":4},"end":{"line":31,"column":null}},"type":"if","locations":[{"start":{"line":31,"column":4},"end":{"line":31,"column":null}}]},"2":{"loc":{"start":{"line":40,"column":4},"end":{"line":40,"column":null}},"type":"if","locations":[{"start":{"line":40,"column":4},"end":{"line":40,"column":null}}]},"3":{"loc":{"start":{"line":40,"column":7},"end":{"line":40,"column":47}},"type":"binary-expr","locations":[{"start":{"line":40,"column":7},"end":{"line":40,"column":19}},{"start":{"line":40,"column":23},"end":{"line":40,"column":47}}]},"4":{"loc":{"start":{"line":49,"column":4},"end":{"line":49,"column":null}},"type":"if","locations":[{"start":{"line":49,"column":4},"end":{"line":49,"column":null}}]},"5":{"loc":{"start":{"line":50,"column":4},"end":{"line":50,"column":null}},"type":"if","locations":[{"start":{"line":50,"column":4},"end":{"line":50,"column":null}}]}},"s":{"0":7,"1":7,"2":7,"3":7,"4":2,"5":2,"6":1,"7":2,"8":1,"9":1,"10":4,"11":4,"12":2,"13":2,"14":2,"15":1,"16":1,"17":1,"18":0,"19":0,"20":0,"21":4,"22":4,"23":3,"24":1,"25":0,"26":1,"27":7,"28":7},"f":{"0":2,"1":2,"2":4,"3":1,"4":0,"5":4},"b":{"0":[1],"1":[2],"2":[1],"3":[1,1],"4":[3],"5":[0]}}
,"/home/diegolinux/workspace/projetos-driven/projeto-drivenpass/src/services/network-service/index.ts": {"path":"/home/diegolinux/workspace/projetos-driven/projeto-drivenpass/src/services/network-service/index.ts","statementMap":{"0":{"start":{"line":1,"column":0},"end":{"line":1,"column":27}},"1":{"start":{"line":3,"column":0},"end":{"line":3,"column":81}},"2":{"start":{"line":4,"column":0},"end":{"line":4,"column":65}},"3":{"start":{"line":6,"column":15},"end":{"line":6,"column":54}},"4":{"start":{"line":9,"column":25},"end":{"line":9,"column":75}},"5":{"start":{"line":11,"column":4},"end":{"line":11,"column":null}},"6":{"start":{"line":11,"column":22},"end":{"line":11,"column":null}},"7":{"start":{"line":15,"column":4},"end":{"line":15,"column":null}},"8":{"start":{"line":17,"column":30},"end":{"line":17,"column":54}},"9":{"start":{"line":19,"column":4},"end":{"line":24,"column":null}},"10":{"start":{"line":28,"column":20},"end":{"line":28,"column":64}},"11":{"start":{"line":30,"column":4},"end":{"line":30,"column":null}},"12":{"start":{"line":30,"column":17},"end":{"line":30,"column":null}},"13":{"start":{"line":32,"column":4},"end":{"line":32,"column":null}},"14":{"start":{"line":33,"column":4},"end":{"line":33,"column":null}},"15":{"start":{"line":37,"column":21},"end":{"line":37,"column":68}},"16":{"start":{"line":39,"column":4},"end":{"line":39,"column":null}},"17":{"start":{"line":39,"column":43},"end":{"line":39,"column":null}},"18":{"start":{"line":41,"column":4},"end":{"line":41,"column":null}},"19":{"start":{"line":41,"column":28},"end":{"line":41,"column":79}},"20":{"start":{"line":42,"column":4},"end":{"line":42,"column":null}},"21":{"start":{"line":46,"column":20},"end":{"line":46,"column":64}},"22":{"start":{"line":48,"column":4},"end":{"line":48,"column":null}},"23":{"start":{"line":48,"column":17},"end":{"line":48,"column":null}},"24":{"start":{"line":49,"column":4},"end":{"line":49,"column":null}},"25":{"start":{"line":49,"column":34},"end":{"line":49,"column":null}},"26":{"start":{"line":51,"column":4},"end":{"line":51,"column":null}},"27":{"start":{"line":56,"column":23},"end":{"line":61,"column":null}},"28":{"start":{"line":63,"column":0},"end":{"line":63,"column":null}}},"fnMap":{"0":{"name":"validateTitle","decl":{"start":{"line":8,"column":15},"end":{"line":8,"column":28}},"loc":{"start":{"line":8,"column":58},"end":{"line":12,"column":1}}},"1":{"name":"createNetwork","decl":{"start":{"line":14,"column":15},"end":{"line":14,"column":28}},"loc":{"start":{"line":14,"column":85},"end":{"line":25,"column":1}}},"2":{"name":"findNetwork","decl":{"start":{"line":27,"column":15},"end":{"line":27,"column":26}},"loc":{"start":{"line":27,"column":53},"end":{"line":34,"column":1}}},"3":{"name":"listAllNetworks","decl":{"start":{"line":36,"column":15},"end":{"line":36,"column":30}},"loc":{"start":{"line":36,"column":45},"end":{"line":43,"column":1}}},"4":{"name":"(anonymous_5)","decl":{"start":{"line":41,"column":17},"end":{"line":41,"column":24}},"loc":{"start":{"line":41,"column":28},"end":{"line":41,"column":79}}},"5":{"name":"deleteNetwork","decl":{"start":{"line":45,"column":15},"end":{"line":45,"column":28}},"loc":{"start":{"line":45,"column":55},"end":{"line":52,"column":1}}}},"branchMap":{"0":{"loc":{"start":{"line":11,"column":4},"end":{"line":11,"column":null}},"type":"if","locations":[{"start":{"line":11,"column":4},"end":{"line":11,"column":null}}]},"1":{"loc":{"start":{"line":30,"column":4},"end":{"line":30,"column":null}},"type":"if","locations":[{"start":{"line":30,"column":4},"end":{"line":30,"column":null}}]},"2":{"loc":{"start":{"line":39,"column":4},"end":{"line":39,"column":null}},"type":"if","locations":[{"start":{"line":39,"column":4},"end":{"line":39,"column":null}}]},"3":{"loc":{"start":{"line":39,"column":7},"end":{"line":39,"column":41}},"type":"binary-expr","locations":[{"start":{"line":39,"column":7},"end":{"line":39,"column":16}},{"start":{"line":39,"column":20},"end":{"line":39,"column":41}}]},"4":{"loc":{"start":{"line":48,"column":4},"end":{"line":48,"column":null}},"type":"if","locations":[{"start":{"line":48,"column":4},"end":{"line":48,"column":null}}]},"5":{"loc":{"start":{"line":49,"column":4},"end":{"line":49,"column":null}},"type":"if","locations":[{"start":{"line":49,"column":4},"end":{"line":49,"column":null}}]}},"s":{"0":7,"1":7,"2":7,"3":7,"4":0,"5":0,"6":0,"7":0,"8":0,"9":0,"10":4,"11":4,"12":2,"13":2,"14":2,"15":1,"16":1,"17":1,"18":0,"19":0,"20":0,"21":0,"22":0,"23":0,"24":0,"25":0,"26":0,"27":7,"28":7},"f":{"0":0,"1":0,"2":4,"3":1,"4":0,"5":0},"b":{"0":[0],"1":[2],"2":[1],"3":[1,1],"4":[0],"5":[0]}}
,"/home/diegolinux/workspace/projetos-driven/projeto-drivenpass/src/services/users-service/index.ts": {"path":"/home/diegolinux/workspace/projetos-driven/projeto-drivenpass/src/services/users-service/index.ts","statementMap":{"0":{"start":{"line":2,"column":0},"end":{"line":2,"column":28}},"1":{"start":{"line":3,"column":0},"end":{"line":3,"column":48}},"2":{"start":{"line":4,"column":0},"end":{"line":4,"column":61}},"3":{"start":{"line":7,"column":20},"end":{"line":7,"column":22}},"4":{"start":{"line":10,"column":25},"end":{"line":10,"column":64}},"5":{"start":{"line":11,"column":4},"end":{"line":11,"column":50}},"6":{"start":{"line":11,"column":21},"end":{"line":11,"column":50}},"7":{"start":{"line":15,"column":4},"end":{"line":15,"column":31}},"8":{"start":{"line":17,"column":27},"end":{"line":17,"column":67}},"9":{"start":{"line":18,"column":4},"end":{"line":18,"column":72}},"10":{"start":{"line":21,"column":20},"end":{"line":23,"column":null}},"11":{"start":{"line":25,"column":0},"end":{"line":25,"column":null}}},"fnMap":{"0":{"name":"validateEmail","decl":{"start":{"line":9,"column":15},"end":{"line":9,"column":28}},"loc":{"start":{"line":9,"column":42},"end":{"line":12,"column":1}}},"1":{"name":"createUser","decl":{"start":{"line":14,"column":15},"end":{"line":14,"column":25}},"loc":{"start":{"line":14,"column":61},"end":{"line":19,"column":1}}}},"branchMap":{"0":{"loc":{"start":{"line":11,"column":4},"end":{"line":11,"column":50}},"type":"if","locations":[{"start":{"line":11,"column":4},"end":{"line":11,"column":50}}]}},"s":{"0":7,"1":7,"2":7,"3":7,"4":7,"5":7,"6":2,"7":7,"8":5,"9":5,"10":7,"11":7},"f":{"0":7,"1":7},"b":{"0":[2]}}
,"/home/diegolinux/workspace/projetos-driven/projeto-drivenpass/src/utils/prisma-utils.ts": {"path":"/home/diegolinux/workspace/projetos-driven/projeto-drivenpass/src/utils/prisma-utils.ts","statementMap":{"0":{"start":{"line":2,"column":22},"end":{"line":2,"column":56}},"1":{"start":{"line":3,"column":4},"end":{"line":5,"column":null}},"2":{"start":{"line":4,"column":6},"end":{"line":4,"column":28}},"3":{"start":{"line":6,"column":4},"end":{"line":6,"column":21}},"4":{"start":{"line":1,"column":0},"end":{"line":1,"column":16}}},"fnMap":{"0":{"name":"exclude","decl":{"start":{"line":1,"column":16},"end":{"line":1,"column":23}},"loc":{"start":{"line":1,"column":73},"end":{"line":7,"column":3}}}},"branchMap":{},"s":{"0":5,"1":5,"2":5,"3":5,"4":7},"f":{"0":5},"b":{}}
,"/home/diegolinux/workspace/projetos-driven/projeto-drivenpass/src/utils/request.ts": {"path":"/home/diegolinux/workspace/projetos-driven/projeto-drivenpass/src/utils/request.ts","statementMap":{"0":{"start":{"line":1,"column":0},"end":{"line":1,"column":26}},"1":{"start":{"line":2,"column":0},"end":{"line":2,"column":40}},"2":{"start":{"line":5,"column":2},"end":{"line":12,"column":null}},"3":{"start":{"line":6,"column":19},"end":{"line":6,"column":39}},"4":{"start":{"line":7,"column":4},"end":{"line":7,"column":18}},"5":{"start":{"line":9,"column":35},"end":{"line":9,"column":49}},"6":{"start":{"line":11,"column":4},"end":{"line":11,"column":44}},"7":{"start":{"line":15,"column":13},"end":{"line":17,"column":2}}},"fnMap":{"0":{"name":"get","decl":{"start":{"line":4,"column":15},"end":{"line":4,"column":18}},"loc":{"start":{"line":4,"column":30},"end":{"line":13,"column":1}}}},"branchMap":{},"s":{"0":0,"1":0,"2":0,"3":0,"4":0,"5":0,"6":0,"7":0},"f":{"0":0},"b":{}}
}
