TN:
SF:src/app.ts
FN:17,(anonymous_1)
FN:24,init
FN:29,close
FNF:3
FNH:2
FNDA:1,(anonymous_1)
FNDA:7,init
FNDA:0,close
DA:1,7
DA:2,7
DA:3,7
DA:4,7
DA:5,7
DA:6,7
DA:7,7
DA:8,7
DA:9,7
DA:11,7
DA:13,7
DA:14,7
DA:17,1
DA:24,7
DA:25,7
DA:26,7
DA:29,7
DA:30,0
DA:33,7
LF:19
LH:18
BRF:0
BRH:0
end_of_record
TN:
SF:src/server.ts
FN:5,(anonymous_6)
FN:6,(anonymous_7)
FNF:2
FNH:0
FNDA:0,(anonymous_6)
FNDA:0,(anonymous_7)
DA:1,0
DA:3,0
DA:5,0
DA:6,0
DA:7,0
LF:5
LH:0
BRDA:3,0,0,0
BRDA:3,0,1,0
BRF:2
BRH:0
end_of_record
TN:
SF:src/config/database.ts
FN:4,connectDb
FN:8,disconnectDB
FNF:2
FNH:1
FNDA:7,connectDb
FNDA:0,disconnectDB
DA:1,9
DA:4,9
DA:5,7
DA:8,9
DA:9,0
LF:5
LH:4
BRF:0
BRH:0
end_of_record
TN:
SF:src/config/envs.ts
FN:4,loadEnv
FNF:1
FNH:1
FNDA:16,loadEnv
DA:1,9
DA:2,9
DA:4,9
DA:6,16
DA:12,16
DA:13,16
LF:6
LH:6
BRDA:6,0,0,16
BRDA:6,0,1,0
BRDA:8,1,0,0
BRDA:8,1,1,0
BRF:4
BRH:1
end_of_record
TN:
SF:src/config/index.ts
FNF:0
FNH:0
DA:1,9
DA:2,9
LF:2
LH:2
BRF:0
BRH:0
end_of_record
TN:
SF:src/controllers/authentication-controller/index.ts
FN:5,singInPost
FNF:1
FNH:1
FNDA:5,singInPost
DA:2,7
DA:3,7
DA:5,7
DA:6,5
DA:8,5
DA:9,5
DA:11,3
DA:13,2
LF:8
LH:8
BRF:0
BRH:0
end_of_record
TN:
SF:src/controllers/credentials-controller/index.ts
FN:6,listCredentials
FN:18,getCredential
FN:31,postCredential
FN:46,deleteCredential
FNF:4
FNH:4
FNDA:1,listCredentials
FNDA:4,getCredential
FNDA:2,postCredential
FNDA:2,deleteCredential
DA:3,7
DA:4,7
DA:7,1
DA:9,1
DA:10,1
DA:11,0
DA:14,1
DA:19,4
DA:20,4
DA:22,4
DA:23,4
DA:24,2
DA:27,2
DA:32,2
DA:33,2
DA:35,2
DA:36,2
DA:37,1
DA:42,1
DA:47,2
DA:48,2
DA:50,2
DA:51,2
DA:52,1
DA:55,1
DA:59,7
DA:66,7
LF:27
LH:26
BRF:0
BRH:0
end_of_record
TN:
SF:src/controllers/network-controller/index.ts
FN:7,listNetworks
FN:19,getNetwork
FN:32,postNetwork
FN:47,deleteNetwork
FNF:4
FNH:3
FNDA:1,listNetworks
FNDA:4,getNetwork
FNDA:0,postNetwork
FNDA:2,deleteNetwork
DA:3,7
DA:4,7
DA:5,7
DA:8,1
DA:10,1
DA:11,1
DA:12,0
DA:15,1
DA:20,4
DA:21,4
DA:23,4
DA:24,4
DA:25,2
DA:28,2
DA:33,0
DA:34,0
DA:36,0
DA:37,0
DA:38,0
DA:43,0
DA:48,2
DA:49,2
DA:51,2
DA:52,2
DA:53,0
DA:56,2
DA:60,7
DA:67,7
LF:28
LH:20
BRF:0
BRH:0
end_of_record
TN:
SF:src/controllers/users-controller/index.ts
FN:5,createNewUser
FNF:1
FNH:1
FNDA:4,createNewUser
DA:2,7
DA:3,7
DA:6,4
DA:8,4
DA:9,4
DA:10,3
DA:15,3
DA:18,1
DA:22,7
DA:26,7
LF:10
LH:10
BRF:0
BRH:0
end_of_record
TN:
SF:src/errors/conflict-error.ts
FN:3,conflictError
FNF:1
FNH:0
FNDA:0,conflictError
DA:3,7
DA:4,0
LF:2
LH:1
BRF:0
BRH:0
end_of_record
TN:
SF:src/errors/duplicated-email-error.ts
FN:3,duplicatedEmailError
FNF:1
FNH:1
FNDA:3,duplicatedEmailError
DA:3,7
DA:4,3
LF:2
LH:2
BRF:0
BRH:0
end_of_record
TN:
SF:src/errors/duplicated-title-error.ts
FN:3,duplicatedTitleError
FNF:1
FNH:1
FNDA:1,duplicatedTitleError
DA:3,7
DA:4,1
LF:2
LH:2
BRF:0
BRH:0
end_of_record
TN:
SF:src/errors/forbidden-error.ts
FN:3,forbiddenError
FNF:1
FNH:0
FNDA:0,forbiddenError
DA:3,7
DA:4,0
LF:2
LH:1
BRF:0
BRH:0
end_of_record
TN:
SF:src/errors/index.ts
FNF:0
FNH:0
DA:1,7
DA:2,7
DA:3,7
DA:4,7
DA:5,7
DA:6,7
DA:7,7
DA:8,7
DA:9,7
DA:10,7
LF:10
LH:10
BRF:0
BRH:0
end_of_record
TN:
SF:src/errors/invalid-credentials-error.ts
FN:3,invalidCredentialsError
FNF:1
FNH:1
FNDA:6,invalidCredentialsError
DA:3,7
DA:4,6
LF:2
LH:2
BRF:0
BRH:0
end_of_record
TN:
SF:src/errors/invalid-data-error.ts
FN:3,invalidDataError
FNF:1
FNH:1
FNDA:10,invalidDataError
DA:3,7
DA:4,10
LF:2
LH:2
BRF:0
BRH:0
end_of_record
TN:
SF:src/errors/invalid-email-error.ts
FN:3,invalidEmailError
FNF:1
FNH:0
FNDA:0,invalidEmailError
DA:3,7
DA:4,0
LF:2
LH:1
BRF:0
BRH:0
end_of_record
TN:
SF:src/errors/not-found-error.ts
FN:3,notFoundError
FNF:1
FNH:1
FNDA:9,notFoundError
DA:3,7
DA:4,9
LF:2
LH:2
BRF:0
BRH:0
end_of_record
TN:
SF:src/errors/request-error.ts
FN:3,requestError
FNF:1
FNH:0
FNDA:0,requestError
DA:3,7
DA:4,0
LF:2
LH:1
BRF:0
BRH:0
end_of_record
TN:
SF:src/errors/unauthorized-error.ts
FN:3,unauthorizedError
FNF:1
FNH:1
FNDA:24,unauthorizedError
DA:3,7
DA:4,24
LF:2
LH:2
BRF:0
BRH:0
end_of_record
TN:
SF:src/middlewares/authentication-middleware.ts
FN:8,authenticateToken
FN:33,generateUnauthorizedResponse
FNF:2
FNH:2
FNDA:46,authenticateToken
FNDA:24,generateUnauthorizedResponse
DA:2,7
DA:3,7
DA:5,7
DA:6,7
DA:8,7
DA:9,46
DA:10,46
DA:12,38
DA:13,38
DA:15,38
DA:16,38
DA:18,30
DA:23,30
DA:25,22
DA:27,22
DA:29,8
DA:34,24
LF:17
LH:17
BRDA:10,0,0,8
BRDA:13,1,0,0
BRDA:23,2,0,8
BRF:3
BRH:2
end_of_record
TN:
SF:src/middlewares/error-handling-middleware.ts
FN:5,handleApplicationErrors
FNF:1
FNH:1
FNDA:11,handleApplicationErrors
DA:2,7
DA:5,7
DA:11,11
DA:12,2
DA:17,9
DA:18,0
DA:23,9
DA:24,0
DA:29,9
DA:30,9
DA:35,0
DA:36,0
DA:41,0
DA:42,0
DA:47,0
DA:48,0
LF:16
LH:8
BRDA:11,0,0,2
BRDA:11,1,0,11
BRDA:11,1,1,11
BRDA:11,1,2,10
BRDA:17,2,0,0
BRDA:23,3,0,0
BRDA:29,4,0,9
BRDA:35,5,0,0
BRDA:41,6,0,0
BRF:9
BRH:5
end_of_record
TN:
SF:src/middlewares/validation-middleware.ts
FN:6,validateBody
FN:10,validateParams
FN:14,validate
FN:15,(anonymous_4)
FN:23,(anonymous_5)
FNF:5
FNH:4
FNDA:28,validateBody
FNDA:0,validateParams
FNDA:28,validate
FNDA:21,(anonymous_4)
FNDA:34,(anonymous_5)
DA:3,7
DA:4,7
DA:6,7
DA:7,28
DA:10,7
DA:11,0
DA:15,28
DA:16,21
DA:20,21
DA:21,11
DA:23,34
LF:11
LH:10
BRDA:20,0,0,11
BRDA:20,0,1,10
BRF:2
BRH:2
end_of_record
TN:
SF:src/repositories/credentials-repository/index.ts
FN:5,findById
FN:14,findByTitle
FN:23,listAllByUserId
FN:31,createCredential
FN:37,deleteCredential
FNF:5
FNH:5
FNDA:8,findById
FNDA:2,findByTitle
FNDA:1,listAllByUserId
FNDA:1,createCredential
FNDA:1,deleteCredential
DA:2,7
DA:6,8
DA:15,2
DA:24,1
DA:32,1
DA:38,1
DA:45,7
DA:53,7
LF:8
LH:8
BRF:0
BRH:0
end_of_record
TN:
SF:src/repositories/network-repository/index.ts
FN:5,findById
FN:14,findByTitle
FN:23,listAllByUserId
FN:31,createNetwork
FN:37,deleteNetwork
FNF:5
FNH:2
FNDA:4,findById
FNDA:0,findByTitle
FNDA:1,listAllByUserId
FNDA:0,createNetwork
FNDA:0,deleteNetwork
DA:2,7
DA:6,4
DA:15,0
DA:24,1
DA:32,0
DA:38,0
DA:45,7
DA:53,7
LF:8
LH:5
BRF:0
BRH:0
end_of_record
TN:
SF:src/repositories/session-repository/index.ts
FN:4,create
FNF:1
FNH:1
FNDA:5,create
DA:2,7
DA:5,5
DA:10,7
DA:14,7
LF:4
LH:4
BRF:0
BRH:0
end_of_record
TN:
SF:src/repositories/users-repository/index.ts
FN:4,findByEmail
FN:12,createUser
FNF:2
FNH:2
FNDA:16,findByEmail
FNDA:5,createUser
DA:2,7
DA:5,16
DA:13,5
DA:18,7
DA:23,7
LF:5
LH:5
BRF:0
BRH:0
end_of_record
TN:
SF:src/routers/index.ts
FNF:0
FNH:0
DA:1,7
DA:2,7
DA:3,7
LF:3
LH:3
BRF:0
BRH:0
end_of_record
TN:
SF:src/routers/authentication-router/index.ts
FNF:0
FNH:0
DA:1,7
DA:2,7
DA:3,7
DA:4,7
DA:6,7
DA:8,7
DA:10,7
LF:7
LH:7
BRF:0
BRH:0
end_of_record
TN:
SF:src/routers/credentials-router/index.ts
FNF:0
FNH:0
DA:1,7
DA:2,7
DA:3,7
DA:4,7
DA:5,7
DA:7,7
DA:9,7
DA:16,7
LF:8
LH:8
BRF:0
BRH:0
end_of_record
TN:
SF:src/routers/network-router/index.ts
FNF:0
FNH:0
DA:1,7
DA:2,7
DA:3,7
DA:4,7
DA:5,7
DA:7,7
DA:9,7
DA:16,7
LF:8
LH:8
BRF:0
BRH:0
end_of_record
TN:
SF:src/routers/users-router/index.ts
FNF:0
FNH:0
DA:1,7
DA:2,7
DA:3,7
DA:4,7
DA:6,7
DA:8,7
DA:10,7
LF:7
LH:7
BRF:0
BRH:0
end_of_record
TN:
SF:src/schemas/authentication-schemas.ts
FNF:0
FNH:0
DA:2,8
DA:4,8
LF:2
LH:2
BRF:0
BRH:0
end_of_record
TN:
SF:src/schemas/credentials-schema.ts
FNF:0
FNH:0
DA:1,7
DA:4,7
LF:2
LH:2
BRF:0
BRH:0
end_of_record
TN:
SF:src/schemas/network-schema.ts
FNF:0
FNH:0
DA:2,0
DA:5,0
LF:2
LH:0
BRF:0
BRH:0
end_of_record
TN:
SF:src/schemas/users-schema.ts
FNF:0
FNH:0
DA:1,8
DA:4,8
LF:2
LH:2
BRF:0
BRH:0
end_of_record
TN:
SF:src/services/authorization-service/index.ts
FN:9,signIn
FN:24,getUserOrFail
FN:31,createSession
FN:41,validatePasswordOrFail
FNF:4
FNH:4
FNDA:9,signIn
FNDA:9,getUserOrFail
FNDA:5,createSession
FNDA:7,validatePasswordOrFail
DA:2,7
DA:3,7
DA:4,7
DA:5,7
DA:6,7
DA:7,7
DA:10,9
DA:12,9
DA:14,7
DA:16,5
DA:18,5
DA:25,9
DA:26,9
DA:28,7
DA:32,5
DA:33,5
DA:38,5
DA:42,7
DA:43,7
DA:55,7
DA:59,7
LF:21
LH:21
BRDA:26,0,0,2
BRDA:43,1,0,2
BRF:2
BRH:2
end_of_record
TN:
SF:src/services/credentials-service/index.ts
FN:8,validateTitle
FN:14,createCredential
FN:28,findCredential
FN:37,listAllCredentials
FN:42,(anonymous_5)
FN:46,deleteCredential
FNF:6
FNH:5
FNDA:2,validateTitle
FNDA:2,createCredential
FNDA:4,findCredential
FNDA:1,listAllCredentials
FNDA:0,(anonymous_5)
FNDA:4,deleteCredential
DA:1,7
DA:2,7
DA:4,7
DA:6,7
DA:9,2
DA:11,2
DA:15,2
DA:17,1
DA:19,1
DA:29,4
DA:31,4
DA:33,2
DA:34,2
DA:38,1
DA:40,1
DA:42,0
DA:43,0
DA:47,4
DA:49,4
DA:50,1
DA:52,1
DA:57,7
DA:64,7
LF:23
LH:21
BRDA:11,0,0,1
BRDA:31,1,0,2
BRDA:40,2,0,1
BRDA:40,3,0,1
BRDA:40,3,1,1
BRDA:49,4,0,3
BRDA:50,5,0,0
BRF:7
BRH:6
end_of_record
TN:
SF:src/services/network-service/index.ts
FN:8,validateTitle
FN:14,createNetwork
FN:27,findNetwork
FN:36,listAllNetworks
FN:41,(anonymous_5)
FN:45,deleteNetwork
FNF:6
FNH:2
FNDA:0,validateTitle
FNDA:0,createNetwork
FNDA:4,findNetwork
FNDA:1,listAllNetworks
FNDA:0,(anonymous_5)
FNDA:0,deleteNetwork
DA:1,7
DA:3,7
DA:4,7
DA:6,7
DA:9,0
DA:11,0
DA:15,0
DA:17,0
DA:19,0
DA:28,4
DA:30,4
DA:32,2
DA:33,2
DA:37,1
DA:39,1
DA:41,0
DA:42,0
DA:46,0
DA:48,0
DA:49,0
DA:51,0
DA:56,7
DA:63,7
LF:23
LH:12
BRDA:11,0,0,0
BRDA:30,1,0,2
BRDA:39,2,0,1
BRDA:39,3,0,1
BRDA:39,3,1,1
BRDA:48,4,0,0
BRDA:49,5,0,0
BRF:7
BRH:4
end_of_record
TN:
SF:src/services/users-service/index.ts
FN:9,validateEmail
FN:14,createUser
FNF:2
FNH:2
FNDA:7,validateEmail
FNDA:7,createUser
DA:2,7
DA:3,7
DA:4,7
DA:7,7
DA:10,7
DA:11,7
DA:15,7
DA:17,5
DA:18,5
DA:21,7
DA:25,7
LF:11
LH:11
BRDA:11,0,0,2
BRF:1
BRH:1
end_of_record
TN:
SF:src/utils/prisma-utils.ts
FN:1,exclude
FNF:1
FNH:1
FNDA:5,exclude
DA:1,7
DA:2,5
DA:3,5
DA:4,5
DA:6,5
LF:5
LH:5
BRF:0
BRH:0
end_of_record
TN:
SF:src/utils/request.ts
FN:4,get
FNF:1
FNH:0
FNDA:0,get
DA:1,0
DA:2,0
DA:5,0
DA:6,0
DA:7,0
DA:9,0
DA:11,0
DA:15,0
LF:8
LH:0
BRF:0
BRH:0
end_of_record
